<?xml version="1.0" encoding="UTF-8"?>
<testsuite xmlns:xsi="http://www.w3.org/2001/XMLSchema-instance" xsi:noNamespaceSchemaLocation="https://maven.apache.org/surefire/maven-surefire-plugin/xsd/surefire-test-report-3.0.xsd" version="3.0" name="yvesproject.gestaologin.sistemagestaologin.AppTest" time="0.032" tests="1" errors="0" skipped="0" failures="0">
  <properties>
    <property name="java.specification.version" value="17"/>
    <property name="sun.cpu.isalist" value="amd64"/>
    <property name="sun.jnu.encoding" value="Cp1252"/>
    <property name="java.class.path" value="C:\Users\Clínica Eng Software\Documents\projetos yves\Sistema_de_gerenciamento_de_login\sistemagestaologin\target\test-classes;C:\Users\Clínica Eng Software\Documents\projetos yves\Sistema_de_gerenciamento_de_login\sistemagestaologin\target\classes;C:\Users\Clínica Eng Software\.m2\repository\com\mycompany\sistemaregistrolog\log\1.0\log-1.0.jar;C:\Users\Clínica Eng Software\.m2\repository\com\opencsv\opencsv\4.1\opencsv-4.1.jar;C:\Users\Clínica Eng Software\.m2\repository\org\apache\commons\commons-lang3\3.6\commons-lang3-3.6.jar;C:\Users\Clínica Eng Software\.m2\repository\org\apache\commons\commons-text\1.1\commons-text-1.1.jar;C:\Users\Clínica Eng Software\.m2\repository\commons-beanutils\commons-beanutils\1.9.3\commons-beanutils-1.9.3.jar;C:\Users\Clínica Eng Software\.m2\repository\commons-logging\commons-logging\1.2\commons-logging-1.2.jar;C:\Users\Clínica Eng Software\.m2\repository\commons-collections\commons-collections\3.2.2\commons-collections-3.2.2.jar;C:\Users\Clínica Eng Software\.m2\repository\com\google\code\gson\gson\2.9.1\gson-2.9.1.jar;C:\Users\Clínica Eng Software\.m2\repository\com\pss\ValidadorSenha\1.08-SNAPSHOT\ValidadorSenha-1.08-SNAPSHOT.jar;C:\Users\Clínica Eng Software\.m2\repository\log4j\log4j\1.2.17\log4j-1.2.17.jar;C:\Users\Clínica Eng Software\.m2\repository\org\jacoco\jacoco-maven-plugin\0.8.3\jacoco-maven-plugin-0.8.3.jar;C:\Users\Clínica Eng Software\.m2\repository\org\apache\maven\maven-plugin-api\3.0\maven-plugin-api-3.0.jar;C:\Users\Clínica Eng Software\.m2\repository\org\apache\maven\maven-model\3.0\maven-model-3.0.jar;C:\Users\Clínica Eng Software\.m2\repository\org\apache\maven\maven-artifact\3.0\maven-artifact-3.0.jar;C:\Users\Clínica Eng Software\.m2\repository\org\sonatype\sisu\sisu-inject-plexus\1.4.2\sisu-inject-plexus-1.4.2.jar;C:\Users\Clínica Eng Software\.m2\repository\org\sonatype\sisu\sisu-inject-bean\1.4.2\sisu-inject-bean-1.4.2.jar;C:\Users\Clínica Eng Software\.m2\repository\org\sonatype\sisu\sisu-guice\2.1.7\sisu-guice-2.1.7-noaop.jar;C:\Users\Clínica Eng Software\.m2\repository\org\apache\maven\maven-core\3.0\maven-core-3.0.jar;C:\Users\Clínica Eng Software\.m2\repository\org\apache\maven\maven-settings\3.0\maven-settings-3.0.jar;C:\Users\Clínica Eng Software\.m2\repository\org\apache\maven\maven-settings-builder\3.0\maven-settings-builder-3.0.jar;C:\Users\Clínica Eng Software\.m2\repository\org\apache\maven\maven-repository-metadata\3.0\maven-repository-metadata-3.0.jar;C:\Users\Clínica Eng Software\.m2\repository\org\apache\maven\maven-model-builder\3.0\maven-model-builder-3.0.jar;C:\Users\Clínica Eng Software\.m2\repository\org\apache\maven\maven-aether-provider\3.0\maven-aether-provider-3.0.jar;C:\Users\Clínica Eng Software\.m2\repository\org\sonatype\aether\aether-impl\1.7\aether-impl-1.7.jar;C:\Users\Clínica Eng Software\.m2\repository\org\sonatype\aether\aether-spi\1.7\aether-spi-1.7.jar;C:\Users\Clínica Eng Software\.m2\repository\org\sonatype\aether\aether-api\1.7\aether-api-1.7.jar;C:\Users\Clínica Eng Software\.m2\repository\org\sonatype\aether\aether-util\1.7\aether-util-1.7.jar;C:\Users\Clínica Eng Software\.m2\repository\org\codehaus\plexus\plexus-interpolation\1.14\plexus-interpolation-1.14.jar;C:\Users\Clínica Eng Software\.m2\repository\org\codehaus\plexus\plexus-classworlds\2.2.3\plexus-classworlds-2.2.3.jar;C:\Users\Clínica Eng Software\.m2\repository\org\codehaus\plexus\plexus-component-annotations\1.5.5\plexus-component-annotations-1.5.5.jar;C:\Users\Clínica Eng Software\.m2\repository\org\sonatype\plexus\plexus-sec-dispatcher\1.3\plexus-sec-dispatcher-1.3.jar;C:\Users\Clínica Eng Software\.m2\repository\org\sonatype\plexus\plexus-cipher\1.4\plexus-cipher-1.4.jar;C:\Users\Clínica Eng Software\.m2\repository\org\codehaus\plexus\plexus-utils\3.0.22\plexus-utils-3.0.22.jar;C:\Users\Clínica Eng Software\.m2\repository\org\apache\maven\shared\file-management\1.2.1\file-management-1.2.1.jar;C:\Users\Clínica Eng Software\.m2\repository\org\apache\maven\shared\maven-shared-io\1.1\maven-shared-io-1.1.jar;C:\Users\Clínica Eng Software\.m2\repository\org\apache\maven\maven-artifact-manager\2.0.2\maven-artifact-manager-2.0.2.jar;C:\Users\Clínica Eng Software\.m2\repository\org\apache\maven\wagon\wagon-provider-api\1.0-alpha-6\wagon-provider-api-1.0-alpha-6.jar;C:\Users\Clínica Eng Software\.m2\repository\org\codehaus\plexus\plexus-container-default\1.0-alpha-9\plexus-container-default-1.0-alpha-9.jar;C:\Users\Clínica Eng Software\.m2\repository\classworlds\classworlds\1.1-alpha-2\classworlds-1.1-alpha-2.jar;C:\Users\Clínica Eng Software\.m2\repository\org\apache\maven\reporting\maven-reporting-api\3.0\maven-reporting-api-3.0.jar;C:\Users\Clínica Eng Software\.m2\repository\org\apache\maven\doxia\doxia-sink-api\1.0\doxia-sink-api-1.0.jar;C:\Users\Clínica Eng Software\.m2\repository\org\apache\maven\reporting\maven-reporting-impl\2.1\maven-reporting-impl-2.1.jar;C:\Users\Clínica Eng Software\.m2\repository\org\apache\maven\maven-project\2.0.10\maven-project-2.0.10.jar;C:\Users\Clínica Eng Software\.m2\repository\org\apache\maven\maven-profile\2.0.10\maven-profile-2.0.10.jar;C:\Users\Clínica Eng Software\.m2\repository\org\apache\maven\maven-plugin-registry\2.0.10\maven-plugin-registry-2.0.10.jar;C:\Users\Clínica Eng Software\.m2\repository\org\apache\maven\doxia\doxia-core\1.1.2\doxia-core-1.1.2.jar;C:\Users\Clínica Eng Software\.m2\repository\org\apache\maven\doxia\doxia-logging-api\1.1.2\doxia-logging-api-1.1.2.jar;C:\Users\Clínica Eng Software\.m2\repository\xerces\xercesImpl\2.8.1\xercesImpl-2.8.1.jar;C:\Users\Clínica Eng Software\.m2\repository\org\apache\maven\doxia\doxia-site-renderer\1.1.2\doxia-site-renderer-1.1.2.jar;C:\Users\Clínica Eng Software\.m2\repository\org\apache\maven\doxia\doxia-decoration-model\1.1.2\doxia-decoration-model-1.1.2.jar;C:\Users\Clínica Eng Software\.m2\repository\org\apache\maven\doxia\doxia-module-xhtml\1.1.2\doxia-module-xhtml-1.1.2.jar;C:\Users\Clínica Eng Software\.m2\repository\org\apache\maven\doxia\doxia-module-fml\1.1.2\doxia-module-fml-1.1.2.jar;C:\Users\Clínica Eng Software\.m2\repository\org\codehaus\plexus\plexus-i18n\1.0-beta-7\plexus-i18n-1.0-beta-7.jar;C:\Users\Clínica Eng Software\.m2\repository\org\codehaus\plexus\plexus-velocity\1.1.7\plexus-velocity-1.1.7.jar;C:\Users\Clínica Eng Software\.m2\repository\commons-validator\commons-validator\1.2.0\commons-validator-1.2.0.jar;C:\Users\Clínica Eng Software\.m2\repository\commons-digester\commons-digester\1.6\commons-digester-1.6.jar;C:\Users\Clínica Eng Software\.m2\repository\oro\oro\2.0.8\oro-2.0.8.jar;C:\Users\Clínica Eng Software\.m2\repository\xml-apis\xml-apis\1.0.b2\xml-apis-1.0.b2.jar;C:\Users\Clínica Eng Software\.m2\repository\org\jacoco\org.jacoco.agent\0.8.3\org.jacoco.agent-0.8.3-runtime.jar;C:\Users\Clínica Eng Software\.m2\repository\org\jacoco\org.jacoco.core\0.8.3\org.jacoco.core-0.8.3.jar;C:\Users\Clínica Eng Software\.m2\repository\org\ow2\asm\asm\7.0\asm-7.0.jar;C:\Users\Clínica Eng Software\.m2\repository\org\ow2\asm\asm-commons\7.0\asm-commons-7.0.jar;C:\Users\Clínica Eng Software\.m2\repository\org\ow2\asm\asm-analysis\7.0\asm-analysis-7.0.jar;C:\Users\Clínica Eng Software\.m2\repository\org\ow2\asm\asm-tree\7.0\asm-tree-7.0.jar;C:\Users\Clínica Eng Software\.m2\repository\org\jacoco\org.jacoco.report\0.8.3\org.jacoco.report-0.8.3.jar;C:\Users\Clínica Eng Software\.m2\repository\org\jsmart\zerocode-tdd\1.3.7\zerocode-tdd-1.3.7.jar;C:\Users\Clínica Eng Software\.m2\repository\org\apache\kafka\kafka-clients\2.1.0\kafka-clients-2.1.0.jar;C:\Users\Clínica Eng Software\.m2\repository\com\github\luben\zstd-jni\1.3.5-4\zstd-jni-1.3.5-4.jar;C:\Users\Clínica Eng Software\.m2\repository\org\lz4\lz4-java\1.5.0\lz4-java-1.5.0.jar;C:\Users\Clínica Eng Software\.m2\repository\org\xerial\snappy\snappy-java\1.1.7.2\snappy-java-1.1.7.2.jar;C:\Users\Clínica Eng Software\.m2\repository\org\slf4j\slf4j-api\1.7.25\slf4j-api-1.7.25.jar;C:\Users\Clínica Eng Software\.m2\repository\org\json\json\20160810\json-20160810.jar;C:\Users\Clínica Eng Software\.m2\repository\org\apache\velocity\velocity\1.7\velocity-1.7.jar;C:\Users\Clínica Eng Software\.m2\repository\com\fasterxml\jackson\dataformat\jackson-dataformat-csv\2.9.8\jackson-dataformat-csv-2.9.8.jar;C:\Users\Clínica Eng Software\.m2\repository\commons-io\commons-io\2.4\commons-io-2.4.jar;C:\Users\Clínica Eng Software\.m2\repository\com\github\tomakehurst\wiremock\2.19.0\wiremock-2.19.0.jar;C:\Users\Clínica Eng Software\.m2\repository\org\eclipse\jetty\jetty-server\9.2.24.v20180105\jetty-server-9.2.24.v20180105.jar;C:\Users\Clínica Eng Software\.m2\repository\javax\servlet\javax.servlet-api\3.1.0\javax.servlet-api-3.1.0.jar;C:\Users\Clínica Eng Software\.m2\repository\org\eclipse\jetty\jetty-http\9.2.24.v20180105\jetty-http-9.2.24.v20180105.jar;C:\Users\Clínica Eng Software\.m2\repository\org\eclipse\jetty\jetty-io\9.2.24.v20180105\jetty-io-9.2.24.v20180105.jar;C:\Users\Clínica Eng Software\.m2\repository\org\eclipse\jetty\jetty-servlet\9.2.24.v20180105\jetty-servlet-9.2.24.v20180105.jar;C:\Users\Clínica Eng Software\.m2\repository\org\eclipse\jetty\jetty-security\9.2.24.v20180105\jetty-security-9.2.24.v20180105.jar;C:\Users\Clínica Eng Software\.m2\repository\org\eclipse\jetty\jetty-servlets\9.2.24.v20180105\jetty-servlets-9.2.24.v20180105.jar;C:\Users\Clínica Eng Software\.m2\repository\org\eclipse\jetty\jetty-continuation\9.2.24.v20180105\jetty-continuation-9.2.24.v20180105.jar;C:\Users\Clínica Eng Software\.m2\repository\org\eclipse\jetty\jetty-util\9.2.24.v20180105\jetty-util-9.2.24.v20180105.jar;C:\Users\Clínica Eng Software\.m2\repository\org\eclipse\jetty\jetty-webapp\9.2.24.v20180105\jetty-webapp-9.2.24.v20180105.jar;C:\Users\Clínica Eng Software\.m2\repository\org\eclipse\jetty\jetty-xml\9.2.24.v20180105\jetty-xml-9.2.24.v20180105.jar;C:\Users\Clínica Eng Software\.m2\repository\org\xmlunit\xmlunit-core\2.5.1\xmlunit-core-2.5.1.jar;C:\Users\Clínica Eng Software\.m2\repository\org\xmlunit\xmlunit-legacy\2.5.1\xmlunit-legacy-2.5.1.jar;C:\Users\Clínica Eng Software\.m2\repository\net\sf\jopt-simple\jopt-simple\5.0.3\jopt-simple-5.0.3.jar;C:\Users\Clínica Eng Software\.m2\repository\com\flipkart\zjsonpatch\zjsonpatch\0.4.4\zjsonpatch-0.4.4.jar;C:\Users\Clínica Eng Software\.m2\repository\com\github\jknack\handlebars\4.0.7\handlebars-4.0.7.jar;C:\Users\Clínica Eng Software\.m2\repository\org\antlr\antlr4-runtime\4.7.1\antlr4-runtime-4.7.1.jar;C:\Users\Clínica Eng Software\.m2\repository\com\github\jknack\handlebars-helpers\4.0.7\handlebars-helpers-4.0.7.jar;C:\Users\Clínica Eng Software\.m2\repository\ch\qos\logback\logback-classic\1.0.7\logback-classic-1.0.7.jar;C:\Users\Clínica Eng Software\.m2\repository\ch\qos\logback\logback-core\1.0.7\logback-core-1.0.7.jar;C:\Users\Clínica Eng Software\.m2\repository\org\jboss\resteasy\resteasy-jaxrs\2.2.1.GA\resteasy-jaxrs-2.2.1.GA.jar;C:\Users\Clínica Eng Software\.m2\repository\org\jboss\resteasy\jaxrs-api\2.2.1.GA\jaxrs-api-2.2.1.GA.jar;C:\Users\Clínica Eng Software\.m2\repository\org\scannotation\scannotation\1.0.3\scannotation-1.0.3.jar;C:\Users\Clínica Eng Software\.m2\repository\javassist\javassist\3.12.1.GA\javassist-3.12.1.GA.jar;C:\Users\Clínica Eng Software\.m2\repository\javax\annotation\jsr250-api\1.0\jsr250-api-1.0.jar;C:\Users\Clínica Eng Software\.m2\repository\javax\activation\activation\1.1\activation-1.1.jar;C:\Users\Clínica Eng Software\.m2\repository\commons-httpclient\commons-httpclient\3.1\commons-httpclient-3.1.jar;C:\Users\Clínica Eng Software\.m2\repository\net\jcip\jcip-annotations\1.0\jcip-annotations-1.0.jar;C:\Users\Clínica Eng Software\.m2\repository\com\jayway\jsonpath\json-path\2.2.0\json-path-2.2.0.jar;C:\Users\Clínica Eng Software\.m2\repository\net\minidev\json-smart\2.2.1\json-smart-2.2.1.jar;C:\Users\Clínica Eng Software\.m2\repository\net\minidev\accessors-smart\1.1\accessors-smart-1.1.jar;C:\Users\Clínica Eng Software\.m2\repository\commons-lang\commons-lang\2.6\commons-lang-2.6.jar;C:\Users\Clínica Eng Software\.m2\repository\com\google\classpath-explorer\classpath-explorer\1.0\classpath-explorer-1.0.jar;C:\Users\Clínica Eng Software\.m2\repository\org\jukito\jukito\1.4.1\jukito-1.4.1.jar;C:\Users\Clínica Eng Software\.m2\repository\org\mockito\mockito-core\1.9.5\mockito-core-1.9.5.jar;C:\Users\Clínica Eng Software\.m2\repository\org\objenesis\objenesis\1.0\objenesis-1.0.jar;C:\Users\Clínica Eng Software\.m2\repository\com\google\inject\extensions\guice-assistedinject\3.0\guice-assistedinject-3.0.jar;C:\Users\Clínica Eng Software\.m2\repository\com\google\inject\guice\4.0\guice-4.0.jar;C:\Users\Clínica Eng Software\.m2\repository\javax\inject\javax.inject\1\javax.inject-1.jar;C:\Users\Clínica Eng Software\.m2\repository\aopalliance\aopalliance\1.0\aopalliance-1.0.jar;C:\Users\Clínica Eng Software\.m2\repository\org\skyscreamer\jsonassert\1.2.3\jsonassert-1.2.3.jar;C:\Users\Clínica Eng Software\.m2\repository\com\google\guava\guava\23.0\guava-23.0.jar;C:\Users\Clínica Eng Software\.m2\repository\com\google\code\findbugs\jsr305\1.3.9\jsr305-1.3.9.jar;C:\Users\Clínica Eng Software\.m2\repository\com\google\errorprone\error_prone_annotations\2.0.18\error_prone_annotations-2.0.18.jar;C:\Users\Clínica Eng Software\.m2\repository\com\google\j2objc\j2objc-annotations\1.1\j2objc-annotations-1.1.jar;C:\Users\Clínica Eng Software\.m2\repository\org\codehaus\mojo\animal-sniffer-annotations\1.14\animal-sniffer-annotations-1.14.jar;C:\Users\Clínica Eng Software\.m2\repository\com\fasterxml\jackson\core\jackson-annotations\2.9.8\jackson-annotations-2.9.8.jar;C:\Users\Clínica Eng Software\.m2\repository\com\fasterxml\jackson\core\jackson-core\2.9.8\jackson-core-2.9.8.jar;C:\Users\Clínica Eng Software\.m2\repository\com\fasterxml\jackson\core\jackson-databind\2.9.8\jackson-databind-2.9.8.jar;C:\Users\Clínica Eng Software\.m2\repository\com\fasterxml\jackson\datatype\jackson-datatype-jdk8\2.9.8\jackson-datatype-jdk8-2.9.8.jar;C:\Users\Clínica Eng Software\.m2\repository\junit\junit\4.12\junit-4.12.jar;C:\Users\Clínica Eng Software\.m2\repository\org\hamcrest\hamcrest-core\1.3\hamcrest-core-1.3.jar;C:\Users\Clínica Eng Software\.m2\repository\org\apache\httpcomponents\httpclient\4.5\httpclient-4.5.jar;C:\Users\Clínica Eng Software\.m2\repository\org\apache\httpcomponents\httpcore\4.4.1\httpcore-4.4.1.jar;C:\Users\Clínica Eng Software\.m2\repository\commons-codec\commons-codec\1.9\commons-codec-1.9.jar;C:\Users\Clínica Eng Software\.m2\repository\com\aventstack\extentreports\4.0.9\extentreports-4.0.9.jar;C:\Users\Clínica Eng Software\.m2\repository\org\freemarker\freemarker\2.3.23\freemarker-2.3.23.jar;C:\Users\Clínica Eng Software\.m2\repository\org\mongodb\mongodb-driver\3.3.0\mongodb-driver-3.3.0.jar;C:\Users\Clínica Eng Software\.m2\repository\org\mongodb\mongodb-driver-core\3.3.0\mongodb-driver-core-3.3.0.jar;C:\Users\Clínica Eng Software\.m2\repository\org\mongodb\bson\3.3.0\bson-3.3.0.jar;C:\Users\Clínica Eng Software\.m2\repository\org\apache\httpcomponents\httpmime\4.5.2\httpmime-4.5.2.jar;C:\Users\Clínica Eng Software\.m2\repository\org\junit\jupiter\junit-jupiter-api\5.6.2\junit-jupiter-api-5.6.2.jar;C:\Users\Clínica Eng Software\.m2\repository\org\apiguardian\apiguardian-api\1.1.0\apiguardian-api-1.1.0.jar;C:\Users\Clínica Eng Software\.m2\repository\org\opentest4j\opentest4j\1.2.0\opentest4j-1.2.0.jar;C:\Users\Clínica Eng Software\.m2\repository\org\junit\platform\junit-platform-commons\1.6.2\junit-platform-commons-1.6.2.jar;C:\Users\Clínica Eng Software\.m2\repository\org\junit\jupiter\junit-jupiter-engine\5.6.2\junit-jupiter-engine-5.6.2.jar;C:\Users\Clínica Eng Software\.m2\repository\org\junit\platform\junit-platform-engine\1.6.2\junit-platform-engine-1.6.2.jar;C:\Users\Clínica Eng Software\.m2\repository\org\junit\jupiter\junit-jupiter-params\5.6.2\junit-jupiter-params-5.6.2.jar;"/>
    <property name="java.vm.vendor" value="Oracle Corporation"/>
    <property name="sun.arch.data.model" value="64"/>
    <property name="user.variant" value=""/>
    <property name="java.vendor.url" value="https://java.oracle.com/"/>
    <property name="user.timezone" value="America/Sao_Paulo"/>
    <property name="os.name" value="Windows 11"/>
    <property name="java.vm.specification.version" value="17"/>
    <property name="sun.java.launcher" value="SUN_STANDARD"/>
    <property name="user.country" value="BR"/>
    <property name="sun.boot.library.path" value="C:\Program Files\Java\jdk-17.0.3.1\bin"/>
    <property name="sun.java.command" value="C:\Users\Clínica Eng Software\AppData\Local\Temp\surefire2854966286564764313\surefirebooter1987265073724639378.jar C:\Users\Clínica Eng Software\AppData\Local\Temp\surefire2854966286564764313 2023-01-31T10-24-20_541-jvmRun1 surefire4802860170499445275tmp surefire_017218893941805220000tmp"/>
    <property name="jdk.debug" value="release"/>
    <property name="surefire.test.class.path" value="C:\Users\Clínica Eng Software\Documents\projetos yves\Sistema_de_gerenciamento_de_login\sistemagestaologin\target\test-classes;C:\Users\Clínica Eng Software\Documents\projetos yves\Sistema_de_gerenciamento_de_login\sistemagestaologin\target\classes;C:\Users\Clínica Eng Software\.m2\repository\com\mycompany\sistemaregistrolog\log\1.0\log-1.0.jar;C:\Users\Clínica Eng Software\.m2\repository\com\opencsv\opencsv\4.1\opencsv-4.1.jar;C:\Users\Clínica Eng Software\.m2\repository\org\apache\commons\commons-lang3\3.6\commons-lang3-3.6.jar;C:\Users\Clínica Eng Software\.m2\repository\org\apache\commons\commons-text\1.1\commons-text-1.1.jar;C:\Users\Clínica Eng Software\.m2\repository\commons-beanutils\commons-beanutils\1.9.3\commons-beanutils-1.9.3.jar;C:\Users\Clínica Eng Software\.m2\repository\commons-logging\commons-logging\1.2\commons-logging-1.2.jar;C:\Users\Clínica Eng Software\.m2\repository\commons-collections\commons-collections\3.2.2\commons-collections-3.2.2.jar;C:\Users\Clínica Eng Software\.m2\repository\com\google\code\gson\gson\2.9.1\gson-2.9.1.jar;C:\Users\Clínica Eng Software\.m2\repository\com\pss\ValidadorSenha\1.08-SNAPSHOT\ValidadorSenha-1.08-SNAPSHOT.jar;C:\Users\Clínica Eng Software\.m2\repository\log4j\log4j\1.2.17\log4j-1.2.17.jar;C:\Users\Clínica Eng Software\.m2\repository\org\jacoco\jacoco-maven-plugin\0.8.3\jacoco-maven-plugin-0.8.3.jar;C:\Users\Clínica Eng Software\.m2\repository\org\apache\maven\maven-plugin-api\3.0\maven-plugin-api-3.0.jar;C:\Users\Clínica Eng Software\.m2\repository\org\apache\maven\maven-model\3.0\maven-model-3.0.jar;C:\Users\Clínica Eng Software\.m2\repository\org\apache\maven\maven-artifact\3.0\maven-artifact-3.0.jar;C:\Users\Clínica Eng Software\.m2\repository\org\sonatype\sisu\sisu-inject-plexus\1.4.2\sisu-inject-plexus-1.4.2.jar;C:\Users\Clínica Eng Software\.m2\repository\org\sonatype\sisu\sisu-inject-bean\1.4.2\sisu-inject-bean-1.4.2.jar;C:\Users\Clínica Eng Software\.m2\repository\org\sonatype\sisu\sisu-guice\2.1.7\sisu-guice-2.1.7-noaop.jar;C:\Users\Clínica Eng Software\.m2\repository\org\apache\maven\maven-core\3.0\maven-core-3.0.jar;C:\Users\Clínica Eng Software\.m2\repository\org\apache\maven\maven-settings\3.0\maven-settings-3.0.jar;C:\Users\Clínica Eng Software\.m2\repository\org\apache\maven\maven-settings-builder\3.0\maven-settings-builder-3.0.jar;C:\Users\Clínica Eng Software\.m2\repository\org\apache\maven\maven-repository-metadata\3.0\maven-repository-metadata-3.0.jar;C:\Users\Clínica Eng Software\.m2\repository\org\apache\maven\maven-model-builder\3.0\maven-model-builder-3.0.jar;C:\Users\Clínica Eng Software\.m2\repository\org\apache\maven\maven-aether-provider\3.0\maven-aether-provider-3.0.jar;C:\Users\Clínica Eng Software\.m2\repository\org\sonatype\aether\aether-impl\1.7\aether-impl-1.7.jar;C:\Users\Clínica Eng Software\.m2\repository\org\sonatype\aether\aether-spi\1.7\aether-spi-1.7.jar;C:\Users\Clínica Eng Software\.m2\repository\org\sonatype\aether\aether-api\1.7\aether-api-1.7.jar;C:\Users\Clínica Eng Software\.m2\repository\org\sonatype\aether\aether-util\1.7\aether-util-1.7.jar;C:\Users\Clínica Eng Software\.m2\repository\org\codehaus\plexus\plexus-interpolation\1.14\plexus-interpolation-1.14.jar;C:\Users\Clínica Eng Software\.m2\repository\org\codehaus\plexus\plexus-classworlds\2.2.3\plexus-classworlds-2.2.3.jar;C:\Users\Clínica Eng Software\.m2\repository\org\codehaus\plexus\plexus-component-annotations\1.5.5\plexus-component-annotations-1.5.5.jar;C:\Users\Clínica Eng Software\.m2\repository\org\sonatype\plexus\plexus-sec-dispatcher\1.3\plexus-sec-dispatcher-1.3.jar;C:\Users\Clínica Eng Software\.m2\repository\org\sonatype\plexus\plexus-cipher\1.4\plexus-cipher-1.4.jar;C:\Users\Clínica Eng Software\.m2\repository\org\codehaus\plexus\plexus-utils\3.0.22\plexus-utils-3.0.22.jar;C:\Users\Clínica Eng Software\.m2\repository\org\apache\maven\shared\file-management\1.2.1\file-management-1.2.1.jar;C:\Users\Clínica Eng Software\.m2\repository\org\apache\maven\shared\maven-shared-io\1.1\maven-shared-io-1.1.jar;C:\Users\Clínica Eng Software\.m2\repository\org\apache\maven\maven-artifact-manager\2.0.2\maven-artifact-manager-2.0.2.jar;C:\Users\Clínica Eng Software\.m2\repository\org\apache\maven\wagon\wagon-provider-api\1.0-alpha-6\wagon-provider-api-1.0-alpha-6.jar;C:\Users\Clínica Eng Software\.m2\repository\org\codehaus\plexus\plexus-container-default\1.0-alpha-9\plexus-container-default-1.0-alpha-9.jar;C:\Users\Clínica Eng Software\.m2\repository\classworlds\classworlds\1.1-alpha-2\classworlds-1.1-alpha-2.jar;C:\Users\Clínica Eng Software\.m2\repository\org\apache\maven\reporting\maven-reporting-api\3.0\maven-reporting-api-3.0.jar;C:\Users\Clínica Eng Software\.m2\repository\org\apache\maven\doxia\doxia-sink-api\1.0\doxia-sink-api-1.0.jar;C:\Users\Clínica Eng Software\.m2\repository\org\apache\maven\reporting\maven-reporting-impl\2.1\maven-reporting-impl-2.1.jar;C:\Users\Clínica Eng Software\.m2\repository\org\apache\maven\maven-project\2.0.10\maven-project-2.0.10.jar;C:\Users\Clínica Eng Software\.m2\repository\org\apache\maven\maven-profile\2.0.10\maven-profile-2.0.10.jar;C:\Users\Clínica Eng Software\.m2\repository\org\apache\maven\maven-plugin-registry\2.0.10\maven-plugin-registry-2.0.10.jar;C:\Users\Clínica Eng Software\.m2\repository\org\apache\maven\doxia\doxia-core\1.1.2\doxia-core-1.1.2.jar;C:\Users\Clínica Eng Software\.m2\repository\org\apache\maven\doxia\doxia-logging-api\1.1.2\doxia-logging-api-1.1.2.jar;C:\Users\Clínica Eng Software\.m2\repository\xerces\xercesImpl\2.8.1\xercesImpl-2.8.1.jar;C:\Users\Clínica Eng Software\.m2\repository\org\apache\maven\doxia\doxia-site-renderer\1.1.2\doxia-site-renderer-1.1.2.jar;C:\Users\Clínica Eng Software\.m2\repository\org\apache\maven\doxia\doxia-decoration-model\1.1.2\doxia-decoration-model-1.1.2.jar;C:\Users\Clínica Eng Software\.m2\repository\org\apache\maven\doxia\doxia-module-xhtml\1.1.2\doxia-module-xhtml-1.1.2.jar;C:\Users\Clínica Eng Software\.m2\repository\org\apache\maven\doxia\doxia-module-fml\1.1.2\doxia-module-fml-1.1.2.jar;C:\Users\Clínica Eng Software\.m2\repository\org\codehaus\plexus\plexus-i18n\1.0-beta-7\plexus-i18n-1.0-beta-7.jar;C:\Users\Clínica Eng Software\.m2\repository\org\codehaus\plexus\plexus-velocity\1.1.7\plexus-velocity-1.1.7.jar;C:\Users\Clínica Eng Software\.m2\repository\commons-validator\commons-validator\1.2.0\commons-validator-1.2.0.jar;C:\Users\Clínica Eng Software\.m2\repository\commons-digester\commons-digester\1.6\commons-digester-1.6.jar;C:\Users\Clínica Eng Software\.m2\repository\oro\oro\2.0.8\oro-2.0.8.jar;C:\Users\Clínica Eng Software\.m2\repository\xml-apis\xml-apis\1.0.b2\xml-apis-1.0.b2.jar;C:\Users\Clínica Eng Software\.m2\repository\org\jacoco\org.jacoco.agent\0.8.3\org.jacoco.agent-0.8.3-runtime.jar;C:\Users\Clínica Eng Software\.m2\repository\org\jacoco\org.jacoco.core\0.8.3\org.jacoco.core-0.8.3.jar;C:\Users\Clínica Eng Software\.m2\repository\org\ow2\asm\asm\7.0\asm-7.0.jar;C:\Users\Clínica Eng Software\.m2\repository\org\ow2\asm\asm-commons\7.0\asm-commons-7.0.jar;C:\Users\Clínica Eng Software\.m2\repository\org\ow2\asm\asm-analysis\7.0\asm-analysis-7.0.jar;C:\Users\Clínica Eng Software\.m2\repository\org\ow2\asm\asm-tree\7.0\asm-tree-7.0.jar;C:\Users\Clínica Eng Software\.m2\repository\org\jacoco\org.jacoco.report\0.8.3\org.jacoco.report-0.8.3.jar;C:\Users\Clínica Eng Software\.m2\repository\org\jsmart\zerocode-tdd\1.3.7\zerocode-tdd-1.3.7.jar;C:\Users\Clínica Eng Software\.m2\repository\org\apache\kafka\kafka-clients\2.1.0\kafka-clients-2.1.0.jar;C:\Users\Clínica Eng Software\.m2\repository\com\github\luben\zstd-jni\1.3.5-4\zstd-jni-1.3.5-4.jar;C:\Users\Clínica Eng Software\.m2\repository\org\lz4\lz4-java\1.5.0\lz4-java-1.5.0.jar;C:\Users\Clínica Eng Software\.m2\repository\org\xerial\snappy\snappy-java\1.1.7.2\snappy-java-1.1.7.2.jar;C:\Users\Clínica Eng Software\.m2\repository\org\slf4j\slf4j-api\1.7.25\slf4j-api-1.7.25.jar;C:\Users\Clínica Eng Software\.m2\repository\org\json\json\20160810\json-20160810.jar;C:\Users\Clínica Eng Software\.m2\repository\org\apache\velocity\velocity\1.7\velocity-1.7.jar;C:\Users\Clínica Eng Software\.m2\repository\com\fasterxml\jackson\dataformat\jackson-dataformat-csv\2.9.8\jackson-dataformat-csv-2.9.8.jar;C:\Users\Clínica Eng Software\.m2\repository\commons-io\commons-io\2.4\commons-io-2.4.jar;C:\Users\Clínica Eng Software\.m2\repository\com\github\tomakehurst\wiremock\2.19.0\wiremock-2.19.0.jar;C:\Users\Clínica Eng Software\.m2\repository\org\eclipse\jetty\jetty-server\9.2.24.v20180105\jetty-server-9.2.24.v20180105.jar;C:\Users\Clínica Eng Software\.m2\repository\javax\servlet\javax.servlet-api\3.1.0\javax.servlet-api-3.1.0.jar;C:\Users\Clínica Eng Software\.m2\repository\org\eclipse\jetty\jetty-http\9.2.24.v20180105\jetty-http-9.2.24.v20180105.jar;C:\Users\Clínica Eng Software\.m2\repository\org\eclipse\jetty\jetty-io\9.2.24.v20180105\jetty-io-9.2.24.v20180105.jar;C:\Users\Clínica Eng Software\.m2\repository\org\eclipse\jetty\jetty-servlet\9.2.24.v20180105\jetty-servlet-9.2.24.v20180105.jar;C:\Users\Clínica Eng Software\.m2\repository\org\eclipse\jetty\jetty-security\9.2.24.v20180105\jetty-security-9.2.24.v20180105.jar;C:\Users\Clínica Eng Software\.m2\repository\org\eclipse\jetty\jetty-servlets\9.2.24.v20180105\jetty-servlets-9.2.24.v20180105.jar;C:\Users\Clínica Eng Software\.m2\repository\org\eclipse\jetty\jetty-continuation\9.2.24.v20180105\jetty-continuation-9.2.24.v20180105.jar;C:\Users\Clínica Eng Software\.m2\repository\org\eclipse\jetty\jetty-util\9.2.24.v20180105\jetty-util-9.2.24.v20180105.jar;C:\Users\Clínica Eng Software\.m2\repository\org\eclipse\jetty\jetty-webapp\9.2.24.v20180105\jetty-webapp-9.2.24.v20180105.jar;C:\Users\Clínica Eng Software\.m2\repository\org\eclipse\jetty\jetty-xml\9.2.24.v20180105\jetty-xml-9.2.24.v20180105.jar;C:\Users\Clínica Eng Software\.m2\repository\org\xmlunit\xmlunit-core\2.5.1\xmlunit-core-2.5.1.jar;C:\Users\Clínica Eng Software\.m2\repository\org\xmlunit\xmlunit-legacy\2.5.1\xmlunit-legacy-2.5.1.jar;C:\Users\Clínica Eng Software\.m2\repository\net\sf\jopt-simple\jopt-simple\5.0.3\jopt-simple-5.0.3.jar;C:\Users\Clínica Eng Software\.m2\repository\com\flipkart\zjsonpatch\zjsonpatch\0.4.4\zjsonpatch-0.4.4.jar;C:\Users\Clínica Eng Software\.m2\repository\com\github\jknack\handlebars\4.0.7\handlebars-4.0.7.jar;C:\Users\Clínica Eng Software\.m2\repository\org\antlr\antlr4-runtime\4.7.1\antlr4-runtime-4.7.1.jar;C:\Users\Clínica Eng Software\.m2\repository\com\github\jknack\handlebars-helpers\4.0.7\handlebars-helpers-4.0.7.jar;C:\Users\Clínica Eng Software\.m2\repository\ch\qos\logback\logback-classic\1.0.7\logback-classic-1.0.7.jar;C:\Users\Clínica Eng Software\.m2\repository\ch\qos\logback\logback-core\1.0.7\logback-core-1.0.7.jar;C:\Users\Clínica Eng Software\.m2\repository\org\jboss\resteasy\resteasy-jaxrs\2.2.1.GA\resteasy-jaxrs-2.2.1.GA.jar;C:\Users\Clínica Eng Software\.m2\repository\org\jboss\resteasy\jaxrs-api\2.2.1.GA\jaxrs-api-2.2.1.GA.jar;C:\Users\Clínica Eng Software\.m2\repository\org\scannotation\scannotation\1.0.3\scannotation-1.0.3.jar;C:\Users\Clínica Eng Software\.m2\repository\javassist\javassist\3.12.1.GA\javassist-3.12.1.GA.jar;C:\Users\Clínica Eng Software\.m2\repository\javax\annotation\jsr250-api\1.0\jsr250-api-1.0.jar;C:\Users\Clínica Eng Software\.m2\repository\javax\activation\activation\1.1\activation-1.1.jar;C:\Users\Clínica Eng Software\.m2\repository\commons-httpclient\commons-httpclient\3.1\commons-httpclient-3.1.jar;C:\Users\Clínica Eng Software\.m2\repository\net\jcip\jcip-annotations\1.0\jcip-annotations-1.0.jar;C:\Users\Clínica Eng Software\.m2\repository\com\jayway\jsonpath\json-path\2.2.0\json-path-2.2.0.jar;C:\Users\Clínica Eng Software\.m2\repository\net\minidev\json-smart\2.2.1\json-smart-2.2.1.jar;C:\Users\Clínica Eng Software\.m2\repository\net\minidev\accessors-smart\1.1\accessors-smart-1.1.jar;C:\Users\Clínica Eng Software\.m2\repository\commons-lang\commons-lang\2.6\commons-lang-2.6.jar;C:\Users\Clínica Eng Software\.m2\repository\com\google\classpath-explorer\classpath-explorer\1.0\classpath-explorer-1.0.jar;C:\Users\Clínica Eng Software\.m2\repository\org\jukito\jukito\1.4.1\jukito-1.4.1.jar;C:\Users\Clínica Eng Software\.m2\repository\org\mockito\mockito-core\1.9.5\mockito-core-1.9.5.jar;C:\Users\Clínica Eng Software\.m2\repository\org\objenesis\objenesis\1.0\objenesis-1.0.jar;C:\Users\Clínica Eng Software\.m2\repository\com\google\inject\extensions\guice-assistedinject\3.0\guice-assistedinject-3.0.jar;C:\Users\Clínica Eng Software\.m2\repository\com\google\inject\guice\4.0\guice-4.0.jar;C:\Users\Clínica Eng Software\.m2\repository\javax\inject\javax.inject\1\javax.inject-1.jar;C:\Users\Clínica Eng Software\.m2\repository\aopalliance\aopalliance\1.0\aopalliance-1.0.jar;C:\Users\Clínica Eng Software\.m2\repository\org\skyscreamer\jsonassert\1.2.3\jsonassert-1.2.3.jar;C:\Users\Clínica Eng Software\.m2\repository\com\google\guava\guava\23.0\guava-23.0.jar;C:\Users\Clínica Eng Software\.m2\repository\com\google\code\findbugs\jsr305\1.3.9\jsr305-1.3.9.jar;C:\Users\Clínica Eng Software\.m2\repository\com\google\errorprone\error_prone_annotations\2.0.18\error_prone_annotations-2.0.18.jar;C:\Users\Clínica Eng Software\.m2\repository\com\google\j2objc\j2objc-annotations\1.1\j2objc-annotations-1.1.jar;C:\Users\Clínica Eng Software\.m2\repository\org\codehaus\mojo\animal-sniffer-annotations\1.14\animal-sniffer-annotations-1.14.jar;C:\Users\Clínica Eng Software\.m2\repository\com\fasterxml\jackson\core\jackson-annotations\2.9.8\jackson-annotations-2.9.8.jar;C:\Users\Clínica Eng Software\.m2\repository\com\fasterxml\jackson\core\jackson-core\2.9.8\jackson-core-2.9.8.jar;C:\Users\Clínica Eng Software\.m2\repository\com\fasterxml\jackson\core\jackson-databind\2.9.8\jackson-databind-2.9.8.jar;C:\Users\Clínica Eng Software\.m2\repository\com\fasterxml\jackson\datatype\jackson-datatype-jdk8\2.9.8\jackson-datatype-jdk8-2.9.8.jar;C:\Users\Clínica Eng Software\.m2\repository\junit\junit\4.12\junit-4.12.jar;C:\Users\Clínica Eng Software\.m2\repository\org\hamcrest\hamcrest-core\1.3\hamcrest-core-1.3.jar;C:\Users\Clínica Eng Software\.m2\repository\org\apache\httpcomponents\httpclient\4.5\httpclient-4.5.jar;C:\Users\Clínica Eng Software\.m2\repository\org\apache\httpcomponents\httpcore\4.4.1\httpcore-4.4.1.jar;C:\Users\Clínica Eng Software\.m2\repository\commons-codec\commons-codec\1.9\commons-codec-1.9.jar;C:\Users\Clínica Eng Software\.m2\repository\com\aventstack\extentreports\4.0.9\extentreports-4.0.9.jar;C:\Users\Clínica Eng Software\.m2\repository\org\freemarker\freemarker\2.3.23\freemarker-2.3.23.jar;C:\Users\Clínica Eng Software\.m2\repository\org\mongodb\mongodb-driver\3.3.0\mongodb-driver-3.3.0.jar;C:\Users\Clínica Eng Software\.m2\repository\org\mongodb\mongodb-driver-core\3.3.0\mongodb-driver-core-3.3.0.jar;C:\Users\Clínica Eng Software\.m2\repository\org\mongodb\bson\3.3.0\bson-3.3.0.jar;C:\Users\Clínica Eng Software\.m2\repository\org\apache\httpcomponents\httpmime\4.5.2\httpmime-4.5.2.jar;C:\Users\Clínica Eng Software\.m2\repository\org\junit\jupiter\junit-jupiter-api\5.6.2\junit-jupiter-api-5.6.2.jar;C:\Users\Clínica Eng Software\.m2\repository\org\apiguardian\apiguardian-api\1.1.0\apiguardian-api-1.1.0.jar;C:\Users\Clínica Eng Software\.m2\repository\org\opentest4j\opentest4j\1.2.0\opentest4j-1.2.0.jar;C:\Users\Clínica Eng Software\.m2\repository\org\junit\platform\junit-platform-commons\1.6.2\junit-platform-commons-1.6.2.jar;C:\Users\Clínica Eng Software\.m2\repository\org\junit\jupiter\junit-jupiter-engine\5.6.2\junit-jupiter-engine-5.6.2.jar;C:\Users\Clínica Eng Software\.m2\repository\org\junit\platform\junit-platform-engine\1.6.2\junit-platform-engine-1.6.2.jar;C:\Users\Clínica Eng Software\.m2\repository\org\junit\jupiter\junit-jupiter-params\5.6.2\junit-jupiter-params-5.6.2.jar;"/>
    <property name="sun.cpu.endian" value="little"/>
    <property name="user.home" value="C:\Users\Clínica Eng Software"/>
    <property name="user.language" value="pt"/>
    <property name="java.specification.vendor" value="Oracle Corporation"/>
    <property name="java.version.date" value="2022-04-22"/>
    <property name="java.home" value="C:\Program Files\Java\jdk-17.0.3.1"/>
    <property name="file.separator" value="\"/>
    <property name="style.color" value="always"/>
    <property name="basedir" value="C:\Users\Clínica Eng Software\Documents\projetos yves\Sistema_de_gerenciamento_de_login\sistemagestaologin"/>
    <property name="java.vm.compressedOopsMode" value="Zero based"/>
    <property name="line.separator" value="&#10;"/>
    <property name="java.vm.specification.vendor" value="Oracle Corporation"/>
    <property name="java.specification.name" value="Java Platform API Specification"/>
    <property name="surefire.real.class.path" value="C:\Users\Clínica Eng Software\AppData\Local\Temp\surefire2854966286564764313\surefirebooter1987265073724639378.jar"/>
    <property name="user.script" value=""/>
    <property name="sun.management.compiler" value="HotSpot 64-Bit Tiered Compilers"/>
    <property name="java.runtime.version" value="17.0.3.1+2-LTS-6"/>
    <property name="user.name" value="Clínica Eng Software"/>
    <property name="path.separator" value=";"/>
    <property name="os.version" value="10.0"/>
    <property name="java.runtime.name" value="Java(TM) SE Runtime Environment"/>
    <property name="file.encoding" value="Cp1252"/>
    <property name="java.vm.name" value="Java HotSpot(TM) 64-Bit Server VM"/>
    <property name="localRepository" value="C:\Users\Clínica Eng Software\.m2\repository"/>
    <property name="java.vendor.url.bug" value="https://bugreport.java.com/bugreport/"/>
    <property name="java.io.tmpdir" value="C:\Users\CLNICA~1\AppData\Local\Temp\"/>
    <property name="java.version" value="17.0.3.1"/>
    <property name="user.dir" value="C:\Users\Clínica Eng Software\Documents\projetos yves\Sistema_de_gerenciamento_de_login\sistemagestaologin"/>
    <property name="os.arch" value="amd64"/>
    <property name="java.vm.specification.name" value="Java Virtual Machine Specification"/>
    <property name="sun.os.patch.level" value=""/>
    <property name="native.encoding" value="Cp1252"/>
    <property name="java.library.path" value="C:\Program Files\Java\jdk-17.0.3.1\bin;C:\WINDOWS\Sun\Java\bin;C:\WINDOWS\system32;C:\WINDOWS;C:/Program Files/Java/jdk-17.0.3.1/bin/server;C:/Program Files/Java/jdk-17.0.3.1/bin;C:/Users/CLNICA~1/AppData/Local/Temp/eoiD957.tmp//plugins/org.eclipse.justj.openjdk.hotspot.jre.minimal.stripped.win32.x86_64_17.0.4.v20221004-1257/jre/bin/server;C:/Users/CLNICA~1/AppData/Local/Temp/eoiD957.tmp//plugins/org.eclipse.justj.openjdk.hotspot.jre.minimal.stripped.win32.x86_64_17.0.4.v20221004-1257/jre/bin;C:\Program Files\Common Files\Oracle\Java\javapath;C:\Program Files (x86)\Common Files\Oracle\Java\javapath;C:\apache-maven-3.6.1\bin;C:\Program Files\dotnet\;C:\Program Files\Microsoft SQL Server\Client SDK\ODBC\170\Tools\Binn\;C:\Program Files (x86)\Microsoft SQL Server\150\Tools\Binn\;C:\Program Files\Microsoft SQL Server\150\Tools\Binn\;C:\Program Files\Microsoft SQL Server\150\DTS\Binn\;C:\Program Files\Git\cmd;C:\Users\Clínica Eng Software\AppData\Local\Microsoft\WindowsApps;C:\Users\Clínica Eng Software\AppData\Local\Programs\Microsoft VS Code\bin;C:\Program Files\Java\jdk-17.0.3.1\bin;C:\apache-maven-3.8.5\bin;;C:\Users\Clínica Eng Software\Downloads;;C:\Users\Clínica Eng Software\Downloads;;."/>
    <property name="java.vm.info" value="mixed mode, sharing"/>
    <property name="java.vendor" value="Oracle Corporation"/>
    <property name="java.vm.version" value="17.0.3.1+2-LTS-6"/>
    <property name="sun.io.unicode.encoding" value="UnicodeLittle"/>
    <property name="java.class.version" value="61.0"/>
  </properties>
  <testcase name="shouldAnswerWithTrue" classname="yvesproject.gestaologin.sistemagestaologin.AppTest" time="0.018"/>
</testsuite>